<?xml version="1.0" encoding="UTF-8"?>
<testng-results ignored="0" total="1" passed="1" failed="0" skipped="0">
  <reporter-output>
  </reporter-output>
  <suite started-at="2022-03-26T19:54:12 IST" name="Default suite" finished-at="2022-03-26T19:54:17 IST" duration-ms="5711">
    <groups>
    </groups>
    <test started-at="2022-03-26T19:54:12 IST" name="Default test" finished-at="2022-03-26T19:54:17 IST" duration-ms="5711">
      <class name="testingbaba.Testingbaba_launch_test">
        <test-method is-config="true" signature="launchtestingbaba()[pri:0, instance:testingbaba.Testingbaba_launch_test@4c178a76]" started-at="2022-03-26T19:54:12 IST" name="launchtestingbaba" finished-at="2022-03-26T19:54:17 IST" duration-ms="5424" status="PASS">
          <reporter-output>
          </reporter-output>
        </test-method> <!-- launchtestingbaba -->
        <test-method signature="LaunchTestingBaba_test01()[pri:0, instance:testingbaba.Testingbaba_launch_test@4c178a76]" started-at="2022-03-26T19:54:17 IST" name="LaunchTestingBaba_test01" finished-at="2022-03-26T19:54:17 IST" duration-ms="12" status="PASS">
          <reporter-output>
          </reporter-output>
        </test-method> <!-- LaunchTestingBaba_test01 -->
        <test-method is-config="true" signature="Teardown()[pri:0, instance:testingbaba.Testingbaba_launch_test@4c178a76]" started-at="2022-03-26T19:54:17 IST" name="Teardown" finished-at="2022-03-26T19:54:17 IST" duration-ms="230" status="PASS">
          <reporter-output>
          </reporter-output>
        </test-method> <!-- Teardown -->
      </class> <!-- testingbaba.Testingbaba_launch_test -->
    </test> <!-- Default test -->
  </suite> <!-- Default suite -->
</testng-results>
