<?xml version="1.0" encoding="UTF-8"?>
<!-- Generated by org.testng.reporters.JUnitReportReporter -->
<testsuite hostname="DESKTOP-493EAAE" failures="0" tests="4" name="testingbaba.Testingbaba_textbox_test" time="1.567" errors="0" timestamp="2022-04-03T13:27:58 IST" skipped="0">
  <testcase classname="testingbaba.Testingbaba_textbox_test" name="TextboxTestingBaba_test01" time="0.018"/>
  <system-out>
    <![CDATA[Testcase TextboxTestingBaba_test01 started successfully
Testcase TextboxTestingBaba_test01 passed successfully]]>
  </system-out>
  <testcase classname="testingbaba.Testingbaba_textbox_test" name="TextboxTestingBaba_test02" time="0.139"/>
  <system-out>
    <![CDATA[Testcase TextboxTestingBaba_test02 started successfully
Testcase TextboxTestingBaba_test02 passed successfully]]>
  </system-out>
  <testcase classname="testingbaba.Testingbaba_textbox_test" name="TextboxTestingBaba_test03" time="1.145"/>
  <system-out>
    <![CDATA[Testcase TextboxTestingBaba_test03 started successfully
Testcase TextboxTestingBaba_test03 passed successfully]]>
  </system-out>
  <testcase classname="testingbaba.Testingbaba_textbox_test" name="TextboxTestingBaba_test04" time="0.265"/>
  <system-out>
    <![CDATA[Testcase TextboxTestingBaba_test04 started successfully
Testcase TextboxTestingBaba_test04 passed successfully]]>
  </system-out>
</testsuite> <!-- testingbaba.Testingbaba_textbox_test -->
